13:38:33.900[main] DEBUG testCases.TestClass1 - Debug Starts
13:38:34.515[main] INFO  testCases.TestClass1 - Launhing Gmail URL...................
13:38:34.515[main] DEBUG testCases.TestClass1 - Debug Starts
13:39:25.069[main] DEBUG org.testng.TestNG - suiteXmlPath: "C:\Ajay\Selenium\SelProjects\PracticeProjectHybridFrameWork\XML Files\TestClass1.xml"
13:39:25.081[main] WARN  org.testng.xml.TestNGContentHandler - It is strongly recommended to add "<!DOCTYPE suite SYSTEM "https://testng.org/testng-1.1.dtd" >" at the top of the suite file [C:\Ajay\Selenium\SelProjects\PracticeProjectHybridFrameWork\XML Files\TestClass1.xml] otherwise TestNG may fail or not work as expected.
13:39:25.243[main] INFO  org.testng.internal.Utils - [TestNG] Running:
  C:\Ajay\Selenium\SelProjects\PracticeProjectHybridFrameWork\XML Files\TestClass1.xml

13:39:26.576[main] INFO  testCases.TestClass1 - Launching URL...............
13:39:26.576[main] DEBUG testCases.TestClass1 - Debug Starts
13:39:28.160[main] INFO  testCases.TestClass1 - Entering Test on the search field...................
13:39:28.165[main] INFO  testCases.TestClass1 - Launhing FB URL...................
13:39:28.165[main] DEBUG testCases.TestClass1 - Debug Starts
13:39:29.060[main] INFO  testCases.TestClass1 - Launhing FB URL...................
13:39:29.060[main] DEBUG testCases.TestClass1 - Debug Starts
13:39:29.755[main] INFO  testCases.TestClass1 - Launhing Gmail URL...................
13:39:29.755[main] DEBUG testCases.TestClass1 - Debug Starts
13:41:00.186[main] DEBUG org.testng.TestNG - suiteXmlPath: "C:\Ajay\Selenium\SelProjects\PracticeProjectHybridFrameWork\XML Files\TestClass1.xml"
13:41:00.202[main] WARN  org.testng.xml.TestNGContentHandler - It is strongly recommended to add "<!DOCTYPE suite SYSTEM "https://testng.org/testng-1.1.dtd" >" at the top of the suite file [C:\Ajay\Selenium\SelProjects\PracticeProjectHybridFrameWork\XML Files\TestClass1.xml] otherwise TestNG may fail or not work as expected.
13:41:00.365[main] INFO  org.testng.internal.Utils - [TestNG] Running:
  C:\Ajay\Selenium\SelProjects\PracticeProjectHybridFrameWork\XML Files\TestClass1.xml

13:41:01.634[main] INFO  testCases.TestClass1 - Launching URL...............
13:41:01.634[main] DEBUG testCases.TestClass1 - Debug Starts
13:41:03.120[main] INFO  testCases.TestClass1 - Entering Test on the search field...................
13:41:03.126[main] INFO  testCases.TestClass1 - Launhing FB URL...................
13:41:03.126[main] DEBUG testCases.TestClass1 - Debug Starts
13:41:03.826[main] INFO  testCases.TestClass1 - Launhing FB URL...................
13:41:03.827[main] DEBUG testCases.TestClass1 - Debug Starts
13:41:04.253[main] INFO  testCases.TestClass1 - Launhing Gmail URL...................
13:41:04.253[main] DEBUG testCases.TestClass1 - Debug Starts
14:17:32.866[main] DEBUG org.testng.TestNG - suiteXmlPath: "C:\Ajay\Selenium\SelProjects\PracticeProjectHybridFrameWork\XML Files\TestClass1.xml"
14:17:32.880[main] WARN  org.testng.xml.TestNGContentHandler - It is strongly recommended to add "<!DOCTYPE suite SYSTEM "https://testng.org/testng-1.1.dtd" >" at the top of the suite file [C:\Ajay\Selenium\SelProjects\PracticeProjectHybridFrameWork\XML Files\TestClass1.xml] otherwise TestNG may fail or not work as expected.
14:17:33.094[main] INFO  org.testng.internal.Utils - [TestNG] Running:
  C:\Ajay\Selenium\SelProjects\PracticeProjectHybridFrameWork\XML Files\TestClass1.xml

14:17:35.118[main] INFO  testCases.TestClass1 - Launching URL...............
14:17:35.118[main] DEBUG testCases.TestClass1 - Debug Starts
14:17:36.163[main] INFO  testCases.TestClass1 - Entering Test on the search field...................
14:17:36.176[main] INFO  testCases.TestClass1 - Launhing FB URL...................
14:17:36.177[main] DEBUG testCases.TestClass1 - Debug Starts
14:17:36.493[main] INFO  testCases.TestClass1 - Launhing FB URL...................
14:17:36.497[main] DEBUG testCases.TestClass1 - Debug Starts
14:17:37.402[main] INFO  testCases.TestClass1 - Launhing Gmail URL...................
14:17:37.403[main] DEBUG testCases.TestClass1 - Debug Starts
14:22:39.077[main] DEBUG org.testng.TestNG - suiteXmlPath: "C:\Ajay\Selenium\SelProjects\PracticeProjectHybridFrameWork\XML Files\TestClass7.xml"
14:22:39.091[main] WARN  org.testng.xml.TestNGContentHandler - It is strongly recommended to add "<!DOCTYPE suite SYSTEM "https://testng.org/testng-1.1.dtd" >" at the top of the suite file [C:\Ajay\Selenium\SelProjects\PracticeProjectHybridFrameWork\XML Files\TestClass7.xml] otherwise TestNG may fail or not work as expected.
14:24:17.700[main] DEBUG org.testng.TestNG - suiteXmlPath: "C:\Ajay\Selenium\SelProjects\PracticeProjectHybridFrameWork\XML Files\TestClass7.xml"
14:24:17.714[main] WARN  org.testng.xml.TestNGContentHandler - It is strongly recommended to add "<!DOCTYPE suite SYSTEM "https://testng.org/testng-1.1.dtd" >" at the top of the suite file [C:\Ajay\Selenium\SelProjects\PracticeProjectHybridFrameWork\XML Files\TestClass7.xml] otherwise TestNG may fail or not work as expected.
