14:35:56.227[main] INFO  org.testng.internal.Utils - [Utils] DynamicGraphHelper.createDynamicGraph() took 9 ms.
14:35:56.425[main] INFO  org.testng.internal.Utils - [TestNG] Time taken by org.testng.reporters.jq.Main@2b27cc70: 62 ms
14:35:56.437[main] INFO  org.testng.internal.Utils - [TestNG] Time taken by org.testng.reporters.FailedReporter@32c0915e: 12 ms
14:35:56.448[main] INFO  org.testng.internal.Utils - [TestNG] Time taken by org.testng.reporters.XMLReporter@41de5768: 11 ms
14:35:56.457[main] INFO  org.testng.internal.Utils - [TestNG] Time taken by org.testng.reporters.EmailableReporter2@6bd51ed8: 8 ms
14:35:56.473[main] INFO  org.testng.internal.Utils - [TestNG] Time taken by org.testng.reporters.JUnitReportReporter@7b02e036: 8 ms
14:35:56.473[main] INFO  org.testng.internal.Utils - [TestNG] Time taken by org.testng.internal.ExitCodeListener@25243bc1: 0 ms
14:36:35.810[main] DEBUG org.testng.TestNG - suiteXmlPath: "C:\Ajay\Selenium\SelProjects\PracticeProjectHybridFrameWork\test-output\testng-failed.xml"
14:36:36.111[main] INFO  org.testng.internal.Utils - [TestNG] Running:
  C:\Ajay\Selenium\SelProjects\PracticeProjectHybridFrameWork\test-output\testng-failed.xml

15:01:35.770[main] DEBUG org.testng.TestNG - suiteXmlPath: "C:\Ajay\Selenium\SelProjects\PracticeProjectHybridFrameWork\XML Files\TestClass7.xml"
15:01:35.793[main] WARN  org.testng.xml.TestNGContentHandler - It is strongly recommended to add "<!DOCTYPE suite SYSTEM "https://testng.org/testng-1.1.dtd" >" at the top of the suite file [C:\Ajay\Selenium\SelProjects\PracticeProjectHybridFrameWork\XML Files\TestClass7.xml] otherwise TestNG may fail or not work as expected.
15:01:36.046[main] INFO  org.testng.internal.Utils - [TestNG] Running:
  C:\Ajay\Selenium\SelProjects\PracticeProjectHybridFrameWork\XML Files\TestClass7.xml

15:03:55.016[main] DEBUG org.testng.TestNG - suiteXmlPath: "C:\Ajay\Selenium\SelProjects\PracticeProjectHybridFrameWork\XML Files\TestClass7.xml"
15:03:55.039[main] WARN  org.testng.xml.TestNGContentHandler - It is strongly recommended to add "<!DOCTYPE suite SYSTEM "https://testng.org/testng-1.1.dtd" >" at the top of the suite file [C:\Ajay\Selenium\SelProjects\PracticeProjectHybridFrameWork\XML Files\TestClass7.xml] otherwise TestNG may fail or not work as expected.
15:03:55.319[main] INFO  org.testng.internal.Utils - [TestNG] Running:
  C:\Ajay\Selenium\SelProjects\PracticeProjectHybridFrameWork\XML Files\TestClass7.xml

15:06:04.386[main] DEBUG org.testng.TestNG - suiteXmlPath: "C:\Ajay\Selenium\SelProjects\PracticeProjectHybridFrameWork\XML Files\TestClass7.xml"
15:06:04.408[main] WARN  org.testng.xml.TestNGContentHandler - It is strongly recommended to add "<!DOCTYPE suite SYSTEM "https://testng.org/testng-1.1.dtd" >" at the top of the suite file [C:\Ajay\Selenium\SelProjects\PracticeProjectHybridFrameWork\XML Files\TestClass7.xml] otherwise TestNG may fail or not work as expected.
15:06:04.671[main] INFO  org.testng.internal.Utils - [TestNG] Running:
  C:\Ajay\Selenium\SelProjects\PracticeProjectHybridFrameWork\XML Files\TestClass7.xml

15:08:45.748[main] DEBUG org.testng.TestNG - suiteXmlPath: "C:\Ajay\Selenium\SelProjects\PracticeProjectHybridFrameWork\XML Files\TestClass7.xml"
15:08:45.770[main] WARN  org.testng.xml.TestNGContentHandler - It is strongly recommended to add "<!DOCTYPE suite SYSTEM "https://testng.org/testng-1.1.dtd" >" at the top of the suite file [C:\Ajay\Selenium\SelProjects\PracticeProjectHybridFrameWork\XML Files\TestClass7.xml] otherwise TestNG may fail or not work as expected.
15:08:46.063[main] INFO  org.testng.internal.Utils - [TestNG] Running:
  C:\Ajay\Selenium\SelProjects\PracticeProjectHybridFrameWork\XML Files\TestClass7.xml

15:25:18.454[main] DEBUG org.testng.TestNG - suiteXmlPath: "C:\Ajay\Selenium\SelProjects\PracticeProjectHybridFrameWork\XML Files\TestClass7.xml"
15:25:18.479[main] WARN  org.testng.xml.TestNGContentHandler - It is strongly recommended to add "<!DOCTYPE suite SYSTEM "https://testng.org/testng-1.1.dtd" >" at the top of the suite file [C:\Ajay\Selenium\SelProjects\PracticeProjectHybridFrameWork\XML Files\TestClass7.xml] otherwise TestNG may fail or not work as expected.
15:25:53.050[main] DEBUG org.testng.TestNG - suiteXmlPath: "C:\Ajay\Selenium\SelProjects\PracticeProjectHybridFrameWork\XML Files\TestClass7.xml"
15:25:53.070[main] WARN  org.testng.xml.TestNGContentHandler - It is strongly recommended to add "<!DOCTYPE suite SYSTEM "https://testng.org/testng-1.1.dtd" >" at the top of the suite file [C:\Ajay\Selenium\SelProjects\PracticeProjectHybridFrameWork\XML Files\TestClass7.xml] otherwise TestNG may fail or not work as expected.
15:27:02.223[main] DEBUG org.testng.TestNG - suiteXmlPath: "C:\Ajay\Selenium\SelProjects\PracticeProjectHybridFrameWork\XML Files\TestClass7.xml"
15:27:02.242[main] WARN  org.testng.xml.TestNGContentHandler - It is strongly recommended to add "<!DOCTYPE suite SYSTEM "https://testng.org/testng-1.1.dtd" >" at the top of the suite file [C:\Ajay\Selenium\SelProjects\PracticeProjectHybridFrameWork\XML Files\TestClass7.xml] otherwise TestNG may fail or not work as expected.
